<html>
<head>
<title>TestNG:  Default test</title>
<link href="../testng.css" rel="stylesheet" type="text/css" />
<link href="../my-testng.css" rel="stylesheet" type="text/css" />

<style type="text/css">
.log { display: none;} 
.stack-trace { display: none;} 
</style>
<script type="text/javascript">
<!--
function flip(e) {
  current = e.style.display;
  if (current == 'block') {
    e.style.display = 'none';
    return 0;
  }
  else {
    e.style.display = 'block';
    return 1;
  }
}

function toggleBox(szDivId, elem, msg1, msg2)
{
  var res = -1;  if (document.getElementById) {
    res = flip(document.getElementById(szDivId));
  }
  else if (document.all) {
    // this is the way old msie versions work
    res = flip(document.all[szDivId]);
  }
  if(elem) {
    if(res == 0) elem.innerHTML = msg1; else elem.innerHTML = msg2;
  }

}

function toggleAllBoxes() {
  if (document.getElementsByTagName) {
    d = document.getElementsByTagName('div');
    for (i = 0; i < d.length; i++) {
      if (d[i].className == 'log') {
        flip(d[i]);
      }
    }
  }
}

// -->
</script>

</head>
<body>
<h2 align='center'>Default test</h2><table border='1' align="center">
<tr>
<td>Tests passed/Failed/Skipped:</td><td>0/0/2</td>
</tr><tr>
<td>Started on:</td><td>Thu Jan 28 16:39:01 IST 2016</td>
</tr>
<tr><td>Total time:</td><td>51 seconds (51569 ms)</td>
</tr><tr>
<td>Included groups:</td><td></td>
</tr><tr>
<td>Excluded groups:</td><td></td>
</tr>
</table><p/>
<small><i>(Hover the method name to see the test class name)</i></small><p/>
<table width='100%' border='1' class='invocation-failed'>
<tr><td colspan='4' align='center'><b>FAILED CONFIGURATIONS</b></td></tr>
<tr><td><b>Test method</b></td>
<td width="30%"><b>Exception</b></td>
<td width="10%"><b>Time (seconds)</b></td>
<td><b>Instance</b></td>
</tr>
<tr>
<td title='com.proware.tests.PlaceSelectionTest.preSetup()'><b>preSetup</b><br>Test class: com.proware.tests.PlaceSelectionTest</td>
<td><div><pre>java.lang.Exception: Error in launching the browser...
Failed to connect to binary FirefoxBinary(C:\Program Files (x86)\Mozilla Firefox\firefox.exe) on port 7055; process output follows: 
106607726848webdriver-profile\\extensions\\fxdriver@googlecode.com&quot;,&quot;installDate&quot;:1453979343908,&quot;updateDate&quot;:1453979343908,&quot;applyBackgroundUpdates&quot;:1,&quot;bootstrap&quot;:false,&quot;size&quot;:8234871,&quot;sourceURI&quot;:null,&quot;releaseNotesURI&quot;:null,&quot;softDisabled&quot;:false,&quot;foreignInstall&quot;:true,&quot;hasBinaryComponents&quot;:true,&quot;strictCompatibility&quot;:false,&quot;locales&quot;:[],&quot;targetApplications&quot;:[{&quot;id&quot;:&quot;{ec8030f7-c20a-464f-9b0e-13a3a9e97384}&quot;,&quot;minVersion&quot;:&quot;3.0&quot;,&quot;maxVersion&quot;:&quot;66.*&quot;}],&quot;targetPlatforms&quot;:[{&quot;os&quot;:&quot;Darwin&quot;,&quot;abi&quot;:null},{&quot;os&quot;:&quot;SunOS&quot;,&quot;abi&quot;:null},{&quot;os&quot;:&quot;FreeBSD&quot;,&quot;abi&quot;:null},{&quot;os&quot;:&quot;OpenBSD&quot;,&quot;abi&quot;:null},{&quot;os&quot;:&quot;WINNT&quot;,&quot;abi&quot;:&quot;x86-msvc&quot;},{&quot;os&quot;:&quot;Linux&quot;,&quot;abi&quot;:null}],&quot;multiprocessCompatible&quot;:false,&quot;signedState&quot;:0}
1453979350435	addons.xpi	DEBUG	Updating XPIState for {&quot;id&quot;:&quot;{972ce4c6-7e08-4474-a285-3208198ce6fd}&quot;,&quot;syncGUID&quot;:&quot;vNSNuZLgfrhI&quot;,&quot;location&quot;:&quot;app-global&quot;,&quot;version&quot;:&quot;43.0.4&quot;,&quot;type&quot;:&quot;theme&quot;,&quot;internalName&quot;:&quot;classic/1.0&quot;,&quot;updateURL&quot;:null,&quot;updateKey&quot;:null,&quot;optionsURL&quot;:null,&quot;optionsType&quot;:null,&quot;aboutURL&quot;:null,&quot;iconURL&quot;:null,&quot;icon64URL&quot;:null,&quot;defaultLocale&quot;:{&quot;name&quot;:&quot;Default&quot;,&quot;description&quot;:&quot;The default theme.&quot;,&quot;creator&quot;:&quot;Mozilla&quot;,&quot;homepageURL&quot;:null,&quot;contributors&quot;:[&quot;Mozilla Contributors&quot;]},&quot;visible&quot;:true,&quot;active&quot;:true,&quot;userDisabled&quot;:false,&quot;appDisabled&quot;:false,&quot;descriptor&quot;:&quot;C:\\Program Files (x86)\\Mozilla Firefox\\browser\\extensions\\{972ce4c6-7e08-4474-a285-3208198ce6fd}&quot;,&quot;installDate&quot;:1452148460144,&quot;updateDate&quot;:1452148460144,&quot;applyBackgroundUpdates&quot;:1,&quot;skinnable&quot;:true,&quot;size&quot;:24172,&quot;sourceURI&quot;:null,&quot;releaseNotesURI&quot;:null,&quot;softDisabled&quot;:false,&quot;foreignInstall&quot;:false,&quot;hasBinaryComponents&quot;:false,&quot;strictCompatibility&quot;:true,&quot;locales&quot;:[],&quot;targetApplications&quot;:[{&quot;id&quot;:&quot;{ec8030f7-c20a-464f-9b0e-13a3a9e97384}&quot;,&quot;minVersion&quot;:&quot;43.0.4&quot;,&quot;maxVersion&quot;:&quot;43.0.4&quot;}],&quot;targetPlatforms&quot;:[]}
1453979350435	addons.xpi	DEBUG	getModTime: Recursive scan of {972ce4c6-7e08-4474-a285-3208198ce6fd}
1453979350437	DeferredSave.extensions.json	DEBUG	Save changes
1453979350437	addons.xpi	DEBUG	Updating database with changes to installed add-ons
1453979350438	addons.xpi-utils	DEBUG	Updating add-on states
1453979350439	addons.xpi-utils	DEBUG	Writing add-ons list
1453979350468	addons.manager	DEBUG	Registering shutdown blocker for XPIProvider
1453979350468	addons.manager	DEBUG	Provider finished startup: XPIProvider
1453979350468	addons.manager	DEBUG	Starting provider: LightweightThemeManager
1453979350468	addons.manager	DEBUG	Registering shutdown blocker for LightweightThemeManager
1453979350468	addons.manager	DEBUG	Provider finished startup: LightweightThemeManager
1453979350469	addons.manager	DEBUG	Starting provider: GMPProvider
1453979350477	addons.manager	DEBUG	Registering shutdown blocker for GMPProvider
1453979350477	addons.manager	DEBUG	Provider finished startup: GMPProvider
1453979350477	addons.manager	DEBUG	Starting provider: PluginProvider
1453979350477	addons.manager	DEBUG	Registering shutdown blocker for PluginProvider
1453979350477	addons.manager	DEBUG	Provider finished startup: PluginProvider
1453979350478	addons.manager	DEBUG	Completed startup sequence
1453979352816	addons.manager	DEBUG	Starting provider: &lt;unnamed-provider&gt;
1453979352816	addons.manager	DEBUG	Registering shutdown blocker for &lt;unnamed-provider&gt;
1453979352817	addons.manager	DEBUG	Provider finished startup: &lt;unnamed-provider&gt;
1453979353153	DeferredSave.extensions.json	DEBUG	Starting write
1453979355255	addons.repository	DEBUG	No addons.json found.
1453979355255	DeferredSave.addons.json	DEBUG	Save changes
1453979355269	DeferredSave.addons.json	DEBUG	Starting timer
1453979355278	addons.manager	DEBUG	Starting provider: PreviousExperimentProvider
1453979355278	addons.manager	DEBUG	Registering shutdown blocker for PreviousExperimentProvider
1453979355278	addons.manager	DEBUG	Provider finished startup: PreviousExperimentProvider
1453979355280	DeferredSave.extensions.json	DEBUG	Write succeeded
1453979355280	addons.xpi-utils	DEBUG	XPI Database saved, setting schema version preference to 17
1453979355371	DeferredSave.addons.json	DEBUG	Starting write
1453979355390	DeferredSave.addons.json	DEBUG	Write succeeded

Build info: version: &apos;2.47.1&apos;, revision: &apos;unknown&apos;, time: &apos;2015-07-30 11:02:44&apos;
System info: host: &apos;QSIH-00268&apos;, ip: &apos;10.145.8.178&apos;, os.name: &apos;Windows 7&apos;, os.arch: &apos;amd64&apos;, os.version: &apos;6.1&apos;, java.version: &apos;1.8.0_60&apos;
Driver info: driver.version: FirefoxDriver
	at com.proware.common.BasePageTest.preSetup(BasePageTest.java:55)
	at sun.reflect.NativeMethodAccessorImpl.invoke0(Native Method)
	at sun.reflect.NativeMethodAccessorImpl.invoke(Unknown Source)
	at sun.reflect.DelegatingMethodAccessorImpl.invoke(Unknown Source)
	at java.lang.reflect.Method.invoke(Unknown Source)
	at org.testng.internal.MethodInvocationHelper.invokeMethod(MethodInvocationHelper.java:85)
	at org.testng.internal.Invoker.invokeConfigurationMethod(Invoker.java:517)
	at org.testng.internal.Invoker.invokeConfigurations(Invoker.java:213)
	at org.testng.internal.Invoker.invokeMethod(Invoker.java:601)
	at org.testng.internal.Invoker.invokeTestMethod(Invoker.java:845)
	at org.testng.internal.Invoker.invokeTestMethods(Invoker.java:1153)
	at org.testng.internal.TestMethodWorker.invokeTestMethods(TestMethodWorker.java:125)
	at org.testng.internal.TestMethodWorker.run(TestMethodWorker.java:108)
	at org.testng.TestRunner.privateRun(TestRunner.java:771)
	at org.testng.TestRunner.run(TestRunner.java:621)
	at org.testng.SuiteRunner.runTest(SuiteRunner.java:357)
	at org.testng.SuiteRunner.runSequentially(SuiteRunner.java:352)
	at org.testng.SuiteRunner.privateRun(SuiteRunner.java:310)
	at org.testng.SuiteRunner.run(SuiteRunner.java:259)
	at org.testng.SuiteRunnerWorker.runSuite(SuiteRunnerWorker.java:52)
	at org.testng.SuiteRunnerWorker.run(SuiteRunnerWorker.java:86)
	at org.testng.TestNG.runSuitesSequentially(TestNG.java:1199)
	at org.testng.TestNG.runSuitesLocally(TestNG.java:1124)
	at org.testng.TestNG.run(TestNG.java:1032)
	at org.testng.remote.RemoteTestNG.run(RemoteTestNG.java:111)
	at org.testng.remote.RemoteTestNG.initAndRun(RemoteTestNG.java:204)
	at org.testng.remote.RemoteTestNG.main(RemoteTestNG.java:175)
</pre></div><a href='#' onClick='toggleBox("stack-trace150138649", this, "Click to show all stack frames", "Click to hide stack frames")'>Click to show all stack frames</a>
<div class='stack-trace' id='stack-trace150138649'><pre>java.lang.Exception: Error in launching the browser...
Failed to connect to binary FirefoxBinary(C:\Program Files (x86)\Mozilla Firefox\firefox.exe) on port 7055; process output follows: 
106607726848webdriver-profile\\extensions\\fxdriver@googlecode.com&quot;,&quot;installDate&quot;:1453979343908,&quot;updateDate&quot;:1453979343908,&quot;applyBackgroundUpdates&quot;:1,&quot;bootstrap&quot;:false,&quot;size&quot;:8234871,&quot;sourceURI&quot;:null,&quot;releaseNotesURI&quot;:null,&quot;softDisabled&quot;:false,&quot;foreignInstall&quot;:true,&quot;hasBinaryComponents&quot;:true,&quot;strictCompatibility&quot;:false,&quot;locales&quot;:[],&quot;targetApplications&quot;:[{&quot;id&quot;:&quot;{ec8030f7-c20a-464f-9b0e-13a3a9e97384}&quot;,&quot;minVersion&quot;:&quot;3.0&quot;,&quot;maxVersion&quot;:&quot;66.*&quot;}],&quot;targetPlatforms&quot;:[{&quot;os&quot;:&quot;Darwin&quot;,&quot;abi&quot;:null},{&quot;os&quot;:&quot;SunOS&quot;,&quot;abi&quot;:null},{&quot;os&quot;:&quot;FreeBSD&quot;,&quot;abi&quot;:null},{&quot;os&quot;:&quot;OpenBSD&quot;,&quot;abi&quot;:null},{&quot;os&quot;:&quot;WINNT&quot;,&quot;abi&quot;:&quot;x86-msvc&quot;},{&quot;os&quot;:&quot;Linux&quot;,&quot;abi&quot;:null}],&quot;multiprocessCompatible&quot;:false,&quot;signedState&quot;:0}
1453979350435	addons.xpi	DEBUG	Updating XPIState for {&quot;id&quot;:&quot;{972ce4c6-7e08-4474-a285-3208198ce6fd}&quot;,&quot;syncGUID&quot;:&quot;vNSNuZLgfrhI&quot;,&quot;location&quot;:&quot;app-global&quot;,&quot;version&quot;:&quot;43.0.4&quot;,&quot;type&quot;:&quot;theme&quot;,&quot;internalName&quot;:&quot;classic/1.0&quot;,&quot;updateURL&quot;:null,&quot;updateKey&quot;:null,&quot;optionsURL&quot;:null,&quot;optionsType&quot;:null,&quot;aboutURL&quot;:null,&quot;iconURL&quot;:null,&quot;icon64URL&quot;:null,&quot;defaultLocale&quot;:{&quot;name&quot;:&quot;Default&quot;,&quot;description&quot;:&quot;The default theme.&quot;,&quot;creator&quot;:&quot;Mozilla&quot;,&quot;homepageURL&quot;:null,&quot;contributors&quot;:[&quot;Mozilla Contributors&quot;]},&quot;visible&quot;:true,&quot;active&quot;:true,&quot;userDisabled&quot;:false,&quot;appDisabled&quot;:false,&quot;descriptor&quot;:&quot;C:\\Program Files (x86)\\Mozilla Firefox\\browser\\extensions\\{972ce4c6-7e08-4474-a285-3208198ce6fd}&quot;,&quot;installDate&quot;:1452148460144,&quot;updateDate&quot;:1452148460144,&quot;applyBackgroundUpdates&quot;:1,&quot;skinnable&quot;:true,&quot;size&quot;:24172,&quot;sourceURI&quot;:null,&quot;releaseNotesURI&quot;:null,&quot;softDisabled&quot;:false,&quot;foreignInstall&quot;:false,&quot;hasBinaryComponents&quot;:false,&quot;strictCompatibility&quot;:true,&quot;locales&quot;:[],&quot;targetApplications&quot;:[{&quot;id&quot;:&quot;{ec8030f7-c20a-464f-9b0e-13a3a9e97384}&quot;,&quot;minVersion&quot;:&quot;43.0.4&quot;,&quot;maxVersion&quot;:&quot;43.0.4&quot;}],&quot;targetPlatforms&quot;:[]}
1453979350435	addons.xpi	DEBUG	getModTime: Recursive scan of {972ce4c6-7e08-4474-a285-3208198ce6fd}
1453979350437	DeferredSave.extensions.json	DEBUG	Save changes
1453979350437	addons.xpi	DEBUG	Updating database with changes to installed add-ons
1453979350438	addons.xpi-utils	DEBUG	Updating add-on states
1453979350439	addons.xpi-utils	DEBUG	Writing add-ons list
1453979350468	addons.manager	DEBUG	Registering shutdown blocker for XPIProvider
1453979350468	addons.manager	DEBUG	Provider finished startup: XPIProvider
1453979350468	addons.manager	DEBUG	Starting provider: LightweightThemeManager
1453979350468	addons.manager	DEBUG	Registering shutdown blocker for LightweightThemeManager
1453979350468	addons.manager	DEBUG	Provider finished startup: LightweightThemeManager
1453979350469	addons.manager	DEBUG	Starting provider: GMPProvider
1453979350477	addons.manager	DEBUG	Registering shutdown blocker for GMPProvider
1453979350477	addons.manager	DEBUG	Provider finished startup: GMPProvider
1453979350477	addons.manager	DEBUG	Starting provider: PluginProvider
1453979350477	addons.manager	DEBUG	Registering shutdown blocker for PluginProvider
1453979350477	addons.manager	DEBUG	Provider finished startup: PluginProvider
1453979350478	addons.manager	DEBUG	Completed startup sequence
1453979352816	addons.manager	DEBUG	Starting provider: &lt;unnamed-provider&gt;
1453979352816	addons.manager	DEBUG	Registering shutdown blocker for &lt;unnamed-provider&gt;
1453979352817	addons.manager	DEBUG	Provider finished startup: &lt;unnamed-provider&gt;
1453979353153	DeferredSave.extensions.json	DEBUG	Starting write
1453979355255	addons.repository	DEBUG	No addons.json found.
1453979355255	DeferredSave.addons.json	DEBUG	Save changes
1453979355269	DeferredSave.addons.json	DEBUG	Starting timer
1453979355278	addons.manager	DEBUG	Starting provider: PreviousExperimentProvider
1453979355278	addons.manager	DEBUG	Registering shutdown blocker for PreviousExperimentProvider
1453979355278	addons.manager	DEBUG	Provider finished startup: PreviousExperimentProvider
1453979355280	DeferredSave.extensions.json	DEBUG	Write succeeded
1453979355280	addons.xpi-utils	DEBUG	XPI Database saved, setting schema version preference to 17
1453979355371	DeferredSave.addons.json	DEBUG	Starting write
1453979355390	DeferredSave.addons.json	DEBUG	Write succeeded

Build info: version: &apos;2.47.1&apos;, revision: &apos;unknown&apos;, time: &apos;2015-07-30 11:02:44&apos;
System info: host: &apos;QSIH-00268&apos;, ip: &apos;10.145.8.178&apos;, os.name: &apos;Windows 7&apos;, os.arch: &apos;amd64&apos;, os.version: &apos;6.1&apos;, java.version: &apos;1.8.0_60&apos;
Driver info: driver.version: FirefoxDriver
	at com.proware.common.BasePageTest.preSetup(BasePageTest.java:55)
	at sun.reflect.NativeMethodAccessorImpl.invoke0(Native Method)
	at sun.reflect.NativeMethodAccessorImpl.invoke(Unknown Source)
	at sun.reflect.DelegatingMethodAccessorImpl.invoke(Unknown Source)
	at java.lang.reflect.Method.invoke(Unknown Source)
	at org.testng.internal.MethodInvocationHelper.invokeMethod(MethodInvocationHelper.java:85)
	at org.testng.internal.Invoker.invokeConfigurationMethod(Invoker.java:517)
	at org.testng.internal.Invoker.invokeConfigurations(Invoker.java:213)
	at org.testng.internal.Invoker.invokeMethod(Invoker.java:601)
	at org.testng.internal.Invoker.invokeTestMethod(Invoker.java:845)
	at org.testng.internal.Invoker.invokeTestMethods(Invoker.java:1153)
	at org.testng.internal.TestMethodWorker.invokeTestMethods(TestMethodWorker.java:125)
	at org.testng.internal.TestMethodWorker.run(TestMethodWorker.java:108)
	at org.testng.TestRunner.privateRun(TestRunner.java:771)
	at org.testng.TestRunner.run(TestRunner.java:621)
	at org.testng.SuiteRunner.runTest(SuiteRunner.java:357)
	at org.testng.SuiteRunner.runSequentially(SuiteRunner.java:352)
	at org.testng.SuiteRunner.privateRun(SuiteRunner.java:310)
	at org.testng.SuiteRunner.run(SuiteRunner.java:259)
	at org.testng.SuiteRunnerWorker.runSuite(SuiteRunnerWorker.java:52)
	at org.testng.SuiteRunnerWorker.run(SuiteRunnerWorker.java:86)
	at org.testng.TestNG.runSuitesSequentially(TestNG.java:1199)
	at org.testng.TestNG.runSuitesLocally(TestNG.java:1124)
	at org.testng.TestNG.run(TestNG.java:1032)
	at org.testng.remote.RemoteTestNG.run(RemoteTestNG.java:111)
	at org.testng.remote.RemoteTestNG.initAndRun(RemoteTestNG.java:204)
	at org.testng.remote.RemoteTestNG.main(RemoteTestNG.java:175)
</pre></div></td>
<td>0</td>
<td>com.proware.tests.PlaceSelectionTest@1b0375b3</td></tr>
</table><p>
<table width='100%' border='1' class='invocation-skipped'>
<tr><td colspan='4' align='center'><b>SKIPPED CONFIGURATIONS</b></td></tr>
<tr><td><b>Test method</b></td>
<td width="30%"><b>Exception</b></td>
<td width="10%"><b>Time (seconds)</b></td>
<td><b>Instance</b></td>
</tr>
<tr>
<td title='com.proware.tests.PlaceSelectionTest.preSetup()'><b>preSetup</b><br>Test class: com.proware.tests.PlaceSelectionTest</td>
<td></td>
<td>0</td>
<td>com.proware.tests.PlaceSelectionTest@1b0375b3</td></tr>
<tr>
<td title='com.proware.tests.PlaceSelectionTest.tearup()'><b>tearup</b><br>Test class: com.proware.tests.PlaceSelectionTest</td>
<td></td>
<td>0</td>
<td>com.proware.tests.PlaceSelectionTest@1b0375b3</td></tr>
<tr>
<td title='com.proware.tests.PlaceSelectionTest.tearup()'><b>tearup</b><br>Test class: com.proware.tests.PlaceSelectionTest</td>
<td></td>
<td>0</td>
<td>com.proware.tests.PlaceSelectionTest@1b0375b3</td></tr>
</table><p>
<table width='100%' border='1' class='invocation-skipped'>
<tr><td colspan='4' align='center'><b>SKIPPED TESTS</b></td></tr>
<tr><td><b>Test method</b></td>
<td width="30%"><b>Exception</b></td>
<td width="10%"><b>Time (seconds)</b></td>
<td><b>Instance</b></td>
</tr>
<tr>
<td title='com.proware.tests.PlaceSelectionTest.SourceSel()'><b>SourceSel</b><br>Test class: com.proware.tests.PlaceSelectionTest</td>
<td></td>
<td>0</td>
<td>com.proware.tests.PlaceSelectionTest@1b0375b3</td></tr>
<tr>
<td title='com.proware.tests.PlaceSelectionTest.VerifyOffer()'><b>VerifyOffer</b><br>Test class: com.proware.tests.PlaceSelectionTest</td>
<td></td>
<td>0</td>
<td>com.proware.tests.PlaceSelectionTest@1b0375b3</td></tr>
</table><p>
</body>
</html>