<?xml version="1.0" encoding="UTF-8"?>
<testng-results skipped="0" failed="1" total="2" passed="1">
  <reporter-output>
  </reporter-output>
  <suite name="testSuite" duration-ms="50441" started-at="2016-01-28T11:16:04Z" finished-at="2016-01-28T11:16:54Z">
    <groups>
    </groups>
    <test name="testname" duration-ms="50441" started-at="2016-01-28T11:16:04Z" finished-at="2016-01-28T11:16:54Z">
      <class name="com.proware.tests.PlaceSelectionTest">
        <test-method status="PASS" signature="preSetup()[pri:0, instance:com.proware.tests.PlaceSelectionTest@1134affc]" name="preSetup" is-config="true" duration-ms="17943" started-at="2016-01-28T16:46:04Z" finished-at="2016-01-28T16:46:22Z">
          <reporter-output>
          </reporter-output>
        </test-method> <!-- preSetup -->
        <test-method status="FAIL" signature="SourceSel()[pri:0, instance:com.proware.tests.PlaceSelectionTest@1134affc]" name="SourceSel" duration-ms="5006" started-at="2016-01-28T16:46:22Z" finished-at="2016-01-28T16:46:27Z">
          <exception class="java.lang.AssertionError">
            <message>
              <![CDATA[Titles do not match... expected [Book Ticket - Search Buses] but found [redBus : Online Bus Ticket Booking, Book Volvo AC Bus Tickets, Reservation]]]>
            </message>
            <full-stacktrace>
              <![CDATA[java.lang.AssertionError: Titles do not match... expected [Book Ticket - Search Buses] but found [redBus : Online Bus Ticket Booking, Book Volvo AC Bus Tickets, Reservation]
	at org.testng.Assert.fail(Assert.java:94)
	at org.testng.Assert.failNotEquals(Assert.java:496)
	at org.testng.Assert.assertEquals(Assert.java:125)
	at org.testng.Assert.assertEquals(Assert.java:178)
	at com.proware.common.BasePageObject.verifyTitle(BasePageObject.java:62)
	at com.proware.tests.PlaceSelectionTest.SourceSel(PlaceSelectionTest.java:23)
	at sun.reflect.NativeMethodAccessorImpl.invoke0(Native Method)
	at sun.reflect.NativeMethodAccessorImpl.invoke(Unknown Source)
	at sun.reflect.DelegatingMethodAccessorImpl.invoke(Unknown Source)
	at java.lang.reflect.Method.invoke(Unknown Source)
	at org.testng.internal.MethodInvocationHelper.invokeMethod(MethodInvocationHelper.java:85)
	at org.testng.internal.Invoker.invokeMethod(Invoker.java:659)
	at org.testng.internal.Invoker.invokeTestMethod(Invoker.java:845)
	at org.testng.internal.Invoker.invokeTestMethods(Invoker.java:1153)
	at org.testng.internal.TestMethodWorker.invokeTestMethods(TestMethodWorker.java:125)
	at org.testng.internal.TestMethodWorker.run(TestMethodWorker.java:108)
	at org.testng.TestRunner.privateRun(TestRunner.java:771)
	at org.testng.TestRunner.run(TestRunner.java:621)
	at org.testng.SuiteRunner.runTest(SuiteRunner.java:357)
	at org.testng.SuiteRunner.runSequentially(SuiteRunner.java:352)
	at org.testng.SuiteRunner.privateRun(SuiteRunner.java:310)
	at org.testng.SuiteRunner.run(SuiteRunner.java:259)
	at org.testng.SuiteRunnerWorker.runSuite(SuiteRunnerWorker.java:52)
	at org.testng.SuiteRunnerWorker.run(SuiteRunnerWorker.java:86)
	at org.testng.TestNG.runSuitesSequentially(TestNG.java:1199)
	at org.testng.TestNG.runSuitesLocally(TestNG.java:1124)
	at org.testng.TestNG.run(TestNG.java:1032)
	at org.testng.remote.RemoteTestNG.run(RemoteTestNG.java:111)
	at org.testng.remote.RemoteTestNG.initAndRun(RemoteTestNG.java:204)
	at org.testng.remote.RemoteTestNG.main(RemoteTestNG.java:175)
]]>
            </full-stacktrace>
          </exception> <!-- java.lang.AssertionError -->
          <reporter-output>
          </reporter-output>
        </test-method> <!-- SourceSel -->
        <test-method status="PASS" signature="tearup()[pri:0, instance:com.proware.tests.PlaceSelectionTest@1134affc]" name="tearup" is-config="true" duration-ms="6278" started-at="2016-01-28T16:46:27Z" finished-at="2016-01-28T16:46:33Z">
          <reporter-output>
          </reporter-output>
        </test-method> <!-- tearup -->
        <test-method status="PASS" signature="preSetup()[pri:0, instance:com.proware.tests.PlaceSelectionTest@1134affc]" name="preSetup" is-config="true" duration-ms="15377" started-at="2016-01-28T16:46:33Z" finished-at="2016-01-28T16:46:48Z">
          <reporter-output>
          </reporter-output>
        </test-method> <!-- preSetup -->
        <test-method status="PASS" signature="VerifyOffer()[pri:0, instance:com.proware.tests.PlaceSelectionTest@1134affc]" name="VerifyOffer" duration-ms="1" started-at="2016-01-28T16:46:48Z" finished-at="2016-01-28T16:46:48Z">
          <reporter-output>
          </reporter-output>
        </test-method> <!-- VerifyOffer -->
        <test-method status="PASS" signature="tearup()[pri:0, instance:com.proware.tests.PlaceSelectionTest@1134affc]" name="tearup" is-config="true" duration-ms="5815" started-at="2016-01-28T16:46:48Z" finished-at="2016-01-28T16:46:54Z">
          <reporter-output>
          </reporter-output>
        </test-method> <!-- tearup -->
      </class> <!-- com.proware.tests.PlaceSelectionTest -->
    </test> <!-- testname -->
  </suite> <!-- testSuite -->
</testng-results>
